2020-04-11 17:23:33,379 [main] INFO nopCommerce - ***** Launching Browser *****
2020-04-11 17:23:33,968 [main] INFO nopCommerce - ***** Opening Url *****
2020-04-11 17:23:35,610 [main] INFO nopCommerce - ***** Providing login detail *****
2020-04-11 17:23:35,866 [main] INFO nopCommerce - ***** Started login *****
2020-04-11 17:23:54,597 [main] INFO nopCommerce - ***** Adding new customer *****
2020-04-11 17:23:58,942 [main] INFO nopCommerce - ***** Launching Browser *****
2020-04-11 17:23:58,943 [main] INFO nopCommerce - ***** Opening Url *****
2020-04-11 17:24:01,027 [main] INFO nopCommerce - ***** Providing login detail *****
2020-04-11 17:24:01,215 [main] INFO nopCommerce - ***** Started login *****
2020-04-11 17:24:15,614 [main] INFO nopCommerce - ***** Searching customer by email *****
2020-04-11 17:24:18,999 [main] INFO nopCommerce - ***** closing Browser *****
2020-04-11 17:24:19,507 [main] INFO nopCommerce - ***** Launching Browser *****
2020-04-11 17:24:19,512 [main] INFO nopCommerce - ***** Opening Url *****
2020-04-11 17:24:21,566 [main] INFO nopCommerce - ***** Providing login detail *****
2020-04-11 17:24:21,752 [main] INFO nopCommerce - ***** Started login *****
2020-04-11 17:24:35,785 [main] INFO nopCommerce - ***** Searching customer by name *****
2020-04-11 17:24:39,168 [main] INFO nopCommerce - ***** closing Browser *****
2020-04-11 17:24:39,749 [main] INFO nopCommerce - ***** Launching Browser *****
2020-04-11 17:24:39,750 [main] INFO nopCommerce - ***** Opening Url *****
2020-04-11 17:24:42,122 [main] INFO nopCommerce - ***** Providing login detail *****
2020-04-11 17:24:42,298 [main] INFO nopCommerce - ***** Started login *****
2020-04-11 17:24:51,347 [main] INFO nopCommerce - ***** Login Failed *****
2020-04-11 17:24:51,353 [main] INFO nopCommerce - ***** Click on logout link *****
2020-04-11 17:24:55,959 [main] INFO nopCommerce - ***** Login Failed *****
2020-04-11 17:24:55,971 [main] INFO nopCommerce - ***** closing Browser *****
2020-04-11 17:24:56,496 [main] INFO nopCommerce - ***** Launching Browser *****
2020-04-11 17:24:56,497 [main] INFO nopCommerce - ***** Opening Url *****
2020-04-11 17:24:59,289 [main] INFO nopCommerce - ***** Providing login detail *****
2020-04-11 17:24:59,719 [main] INFO nopCommerce - ***** Started login *****
2020-04-11 17:25:07,231 [main] INFO nopCommerce - ***** Login Failed *****
2020-04-11 17:25:07,236 [main] INFO nopCommerce - ***** Click on logout link *****
2020-04-11 17:25:11,685 [main] INFO nopCommerce - ***** Login Failed *****
2020-04-11 17:25:11,693 [main] INFO nopCommerce - ***** closing Browser *****
2020-04-11 17:25:12,214 [main] INFO nopCommerce - ***** Launching Browser *****
2020-04-11 17:25:12,216 [main] INFO nopCommerce - ***** Opening Url *****
2020-04-11 17:25:14,469 [main] INFO nopCommerce - ***** Providing login detail *****
2020-04-11 17:25:14,725 [main] INFO nopCommerce - ***** Started login *****
2020-04-11 17:25:18,940 [main] INFO nopCommerce - ***** Login Passed *****
2020-04-11 17:26:11,095 [main] INFO nopCommerce - ***** Launching Browser *****
2020-04-11 17:26:11,133 [main] INFO nopCommerce - ***** Opening Url *****
2020-04-11 17:26:13,845 [main] INFO nopCommerce - ***** Providing login detail *****
2020-04-11 17:26:14,023 [main] INFO nopCommerce - ***** Started login *****
2020-04-11 17:26:32,417 [main] INFO nopCommerce - ***** Adding new customer *****
2020-04-11 17:26:39,553 [main] INFO nopCommerce - ***** Saving customer *****
2020-04-11 17:26:44,519 [main] INFO nopCommerce - ***** closing Browser *****
2020-04-11 17:26:45,265 [main] INFO nopCommerce - ***** Launching Browser *****
2020-04-11 17:26:45,424 [main] INFO nopCommerce - ***** Opening Url *****
2020-04-11 17:26:49,499 [main] INFO nopCommerce - ***** Providing login detail *****
2020-04-11 17:26:49,689 [main] INFO nopCommerce - ***** Started login *****
2020-04-11 17:27:05,051 [main] INFO nopCommerce - ***** Searching customer by email *****
2020-04-11 17:27:08,577 [main] INFO nopCommerce - ***** closing Browser *****
2020-04-11 17:27:09,118 [main] INFO nopCommerce - ***** Launching Browser *****
2020-04-11 17:27:09,118 [main] INFO nopCommerce - ***** Opening Url *****
2020-04-11 17:27:11,899 [main] INFO nopCommerce - ***** Providing login detail *****
2020-04-11 17:27:12,089 [main] INFO nopCommerce - ***** Started login *****
2020-04-11 17:27:27,116 [main] INFO nopCommerce - ***** Searching customer by name *****
2020-04-11 17:27:30,607 [main] INFO nopCommerce - ***** closing Browser *****
2020-04-11 17:27:31,120 [main] INFO nopCommerce - ***** Launching Browser *****
2020-04-11 17:27:31,123 [main] INFO nopCommerce - ***** Opening Url *****
2020-04-11 17:27:33,212 [main] INFO nopCommerce - ***** Providing login detail *****
2020-04-11 17:27:33,403 [main] INFO nopCommerce - ***** Started login *****
2020-04-11 17:27:42,506 [main] INFO nopCommerce - ***** Login Failed *****
2020-04-11 17:27:42,510 [main] INFO nopCommerce - ***** Click on logout link *****
2020-04-11 17:27:46,950 [main] INFO nopCommerce - ***** Login Failed *****
2020-04-11 17:27:46,961 [main] INFO nopCommerce - ***** closing Browser *****
2020-04-11 17:27:47,561 [main] INFO nopCommerce - ***** Launching Browser *****
2020-04-11 17:27:47,562 [main] INFO nopCommerce - ***** Opening Url *****
2020-04-11 17:27:51,458 [main] INFO nopCommerce - ***** Providing login detail *****
2020-04-11 17:27:51,682 [main] INFO nopCommerce - ***** Started login *****
2020-04-11 17:28:00,779 [main] INFO nopCommerce - ***** Login Failed *****
2020-04-11 17:28:00,791 [main] INFO nopCommerce - ***** Click on logout link *****
2020-04-11 17:28:06,220 [main] INFO nopCommerce - ***** Login Failed *****
2020-04-11 17:28:06,229 [main] INFO nopCommerce - ***** closing Browser *****
2020-04-11 17:28:06,807 [main] INFO nopCommerce - ***** Launching Browser *****
2020-04-11 17:28:06,809 [main] INFO nopCommerce - ***** Opening Url *****
2020-04-11 17:28:08,538 [main] INFO nopCommerce - ***** Providing login detail *****
2020-04-11 17:28:08,784 [main] INFO nopCommerce - ***** Started login *****
2020-04-11 17:28:12,708 [main] INFO nopCommerce - ***** Login Passed *****
2020-04-11 17:30:48,273 [main] INFO nopCommerce - ***** Launching Browser *****
2020-04-11 17:30:48,352 [main] INFO nopCommerce - ***** Opening Url *****
2020-04-11 17:30:50,875 [main] INFO nopCommerce - ***** Providing login detail *****
2020-04-11 17:30:51,056 [main] INFO nopCommerce - ***** Started login *****
2020-04-11 17:31:10,146 [main] INFO nopCommerce - ***** Adding new customer *****
2020-04-11 17:31:17,101 [main] INFO nopCommerce - ***** Saving customer *****
2020-04-11 17:31:22,589 [main] INFO nopCommerce - ***** closing Browser *****
2020-04-11 17:31:23,148 [main] INFO nopCommerce - ***** Launching Browser *****
2020-04-11 17:31:23,153 [main] INFO nopCommerce - ***** Opening Url *****
2020-04-11 17:31:25,603 [main] INFO nopCommerce - ***** Providing login detail *****
2020-04-11 17:31:25,840 [main] INFO nopCommerce - ***** Started login *****
2020-04-11 17:31:39,433 [main] INFO nopCommerce - ***** Searching customer by email *****
2020-04-11 17:31:42,760 [main] INFO nopCommerce - ***** closing Browser *****
2020-04-11 17:31:43,275 [main] INFO nopCommerce - ***** Launching Browser *****
2020-04-11 17:31:43,277 [main] INFO nopCommerce - ***** Opening Url *****
2020-04-11 17:31:45,743 [main] INFO nopCommerce - ***** Providing login detail *****
2020-04-11 17:31:45,968 [main] INFO nopCommerce - ***** Started login *****
2020-04-11 17:32:00,835 [main] INFO nopCommerce - ***** Searching customer by name *****
2020-04-11 17:32:04,193 [main] INFO nopCommerce - ***** closing Browser *****
2020-04-11 17:32:04,729 [main] INFO nopCommerce - ***** Launching Browser *****
2020-04-11 17:32:04,730 [main] INFO nopCommerce - ***** Opening Url *****
2020-04-11 17:32:07,428 [main] INFO nopCommerce - ***** Providing login detail *****
2020-04-11 17:32:07,632 [main] INFO nopCommerce - ***** Started login *****
2020-04-11 17:32:15,844 [main] INFO nopCommerce - ***** Login Failed *****
2020-04-11 17:32:15,849 [main] INFO nopCommerce - ***** Click on logout link *****
2020-04-11 17:32:20,788 [main] INFO nopCommerce - ***** Login Failed *****
2020-04-11 17:32:20,800 [main] INFO nopCommerce - ***** closing Browser *****
2020-04-11 17:32:21,466 [main] INFO nopCommerce - ***** Launching Browser *****
2020-04-11 17:32:21,469 [main] INFO nopCommerce - ***** Opening Url *****
2020-04-11 17:32:23,496 [main] INFO nopCommerce - ***** Providing login detail *****
2020-04-11 17:32:23,691 [main] INFO nopCommerce - ***** Started login *****
2020-04-11 17:32:31,232 [main] INFO nopCommerce - ***** Login Failed *****
2020-04-11 17:32:31,236 [main] INFO nopCommerce - ***** Click on logout link *****
2020-04-11 17:32:36,072 [main] INFO nopCommerce - ***** Login Failed *****
2020-04-11 17:32:36,084 [main] INFO nopCommerce - ***** closing Browser *****
2020-04-11 17:32:36,605 [main] INFO nopCommerce - ***** Launching Browser *****
2020-04-11 17:32:36,606 [main] INFO nopCommerce - ***** Opening Url *****
2020-04-11 17:32:38,970 [main] INFO nopCommerce - ***** Providing login detail *****
2020-04-11 17:32:39,171 [main] INFO nopCommerce - ***** Started login *****
2020-04-11 17:32:43,193 [main] INFO nopCommerce - ***** Login Passed *****
2020-04-11 17:35:56,472 [main] INFO nopCommerce - ***** Launching Browser *****
2020-04-11 17:35:56,505 [main] INFO nopCommerce - ***** Opening Url *****
2020-04-11 17:35:59,304 [main] INFO nopCommerce - ***** Providing login detail *****
2020-04-11 17:35:59,492 [main] INFO nopCommerce - ***** Started login *****
2020-04-11 17:36:18,611 [main] INFO nopCommerce - ***** Adding new customer *****
2020-04-11 17:36:25,783 [main] INFO nopCommerce - ***** Saving customer *****
2020-04-11 17:36:31,205 [main] INFO nopCommerce - ***** closing Browser *****
2020-04-11 17:36:31,728 [main] INFO nopCommerce - ***** Launching Browser *****
2020-04-11 17:36:31,731 [main] INFO nopCommerce - ***** Opening Url *****
2020-04-11 17:36:34,987 [main] INFO nopCommerce - ***** Providing login detail *****
2020-04-11 17:36:35,183 [main] INFO nopCommerce - ***** Started login *****
2020-04-11 17:36:48,833 [main] INFO nopCommerce - ***** Searching customer by email *****
2020-04-11 17:36:52,287 [main] INFO nopCommerce - ***** closing Browser *****
2020-04-11 17:36:52,824 [main] INFO nopCommerce - ***** Launching Browser *****
2020-04-11 17:36:52,825 [main] INFO nopCommerce - ***** Opening Url *****
2020-04-11 17:36:54,336 [main] INFO nopCommerce - ***** Providing login detail *****
2020-04-11 17:36:54,574 [main] INFO nopCommerce - ***** Started login *****
2020-04-11 17:37:08,465 [main] INFO nopCommerce - ***** Searching customer by name *****
2020-04-11 17:37:12,030 [main] INFO nopCommerce - ***** closing Browser *****
2020-04-11 17:37:12,592 [main] INFO nopCommerce - ***** Launching Browser *****
2020-04-11 17:37:12,593 [main] INFO nopCommerce - ***** Opening Url *****
2020-04-11 17:37:14,290 [main] INFO nopCommerce - ***** Providing login detail *****
2020-04-11 17:37:14,493 [main] INFO nopCommerce - ***** Started login *****
2020-04-11 17:37:22,130 [main] INFO nopCommerce - ***** Login Failed *****
2020-04-11 17:37:22,137 [main] INFO nopCommerce - ***** Click on logout link *****
2020-04-11 17:37:26,550 [main] INFO nopCommerce - ***** Login Failed *****
2020-04-11 17:37:26,562 [main] INFO nopCommerce - ***** closing Browser *****
2020-04-11 17:37:27,097 [main] INFO nopCommerce - ***** Launching Browser *****
2020-04-11 17:37:27,100 [main] INFO nopCommerce - ***** Opening Url *****
2020-04-11 17:37:31,282 [main] INFO nopCommerce - ***** Providing login detail *****
2020-04-11 17:37:31,476 [main] INFO nopCommerce - ***** Started login *****
2020-04-11 17:37:40,076 [main] INFO nopCommerce - ***** Login Failed *****
2020-04-11 17:37:40,082 [main] INFO nopCommerce - ***** Click on logout link *****
2020-04-11 17:37:44,975 [main] INFO nopCommerce - ***** Login Failed *****
2020-04-11 17:37:44,981 [main] INFO nopCommerce - ***** closing Browser *****
2020-04-11 17:37:45,571 [main] INFO nopCommerce - ***** Launching Browser *****
2020-04-11 17:37:45,572 [main] INFO nopCommerce - ***** Opening Url *****
2020-04-11 17:37:48,303 [main] INFO nopCommerce - ***** Providing login detail *****
2020-04-11 17:37:48,544 [main] INFO nopCommerce - ***** Started login *****
2020-04-11 17:37:52,097 [main] INFO nopCommerce - ***** Login Passed *****
2020-04-11 17:55:15,307 [main] INFO nopCommerce - ***** Launching Browser *****
2020-04-11 17:55:15,334 [main] INFO nopCommerce - ***** Opening Url *****
2020-04-11 17:55:17,279 [main] INFO nopCommerce - ***** Providing login detail *****
2020-04-11 17:55:17,523 [main] INFO nopCommerce - ***** Started login *****
2020-04-11 17:55:33,296 [main] INFO nopCommerce - ***** Launching Browser *****
2020-04-11 17:55:33,348 [main] INFO nopCommerce - ***** Opening Url *****
2020-04-11 17:55:39,687 [main] INFO nopCommerce - ***** Providing login detail *****
2020-04-11 17:55:39,793 [main] INFO nopCommerce - ***** Started login *****
2020-04-11 17:55:59,662 [main] INFO nopCommerce - ***** Adding new customer *****
2020-04-11 17:56:08,346 [main] INFO nopCommerce - ***** Saving customer *****
2020-04-11 17:56:14,589 [main] INFO nopCommerce - ***** closing Browser *****
2020-04-11 17:56:26,217 [main] INFO nopCommerce - ***** Launching Browser *****
2020-04-11 17:56:26,221 [main] INFO nopCommerce - ***** Opening Url *****
2020-04-11 18:05:11,162 [main] INFO nopCommerce - ***** Launching Browser *****
2020-04-11 18:05:11,212 [main] INFO nopCommerce - ***** Opening Url *****
2020-04-11 18:08:28,510 [main] INFO nopCommerce - ***** Launching Browser *****
2020-04-11 18:08:28,544 [main] INFO nopCommerce - ***** Opening Url *****
2020-04-11 18:08:30,416 [main] INFO nopCommerce - ***** Providing login detail *****
2020-04-11 18:08:30,601 [main] INFO nopCommerce - ***** Started login *****
2020-04-11 18:08:48,902 [main] INFO nopCommerce - ***** Adding new customer *****
2020-04-11 18:08:55,905 [main] INFO nopCommerce - ***** Saving customer *****
2020-04-11 18:09:01,311 [main] INFO nopCommerce - ***** closing Browser *****
2020-04-11 18:09:01,944 [main] INFO nopCommerce - ***** Launching Browser *****
2020-04-11 18:09:01,946 [main] INFO nopCommerce - ***** Opening Url *****
2020-04-11 18:09:04,194 [main] INFO nopCommerce - ***** Providing login detail *****
2020-04-11 18:09:04,375 [main] INFO nopCommerce - ***** Started login *****
2020-04-11 18:09:12,168 [main] INFO nopCommerce - ***** Login Failed *****
2020-04-11 18:09:12,172 [main] INFO nopCommerce - ***** Click on logout link *****
2020-04-11 18:09:16,896 [main] INFO nopCommerce - ***** Login Failed *****
2020-04-11 18:09:16,908 [main] INFO nopCommerce - ***** closing Browser *****
2020-04-11 18:37:42,316 [main] INFO nopCommerce - ***** Launching Browser *****
2020-04-11 18:37:42,397 [main] INFO nopCommerce - ***** Opening Url *****
2020-04-11 18:37:44,359 [main] INFO nopCommerce - ***** Providing login detail *****
2020-04-11 18:37:44,543 [main] INFO nopCommerce - ***** Started login *****
2020-04-11 18:38:03,631 [main] INFO nopCommerce - ***** Adding new customer *****
2020-04-11 18:38:10,783 [main] INFO nopCommerce - ***** Saving customer *****
2020-04-11 18:38:15,555 [main] INFO nopCommerce - ***** closing Browser *****
2020-04-11 18:38:16,104 [main] INFO nopCommerce - ***** Launching Browser *****
2020-04-11 18:38:16,106 [main] INFO nopCommerce - ***** Opening Url *****
2020-04-11 18:38:18,250 [main] INFO nopCommerce - ***** Providing login detail *****
2020-04-11 18:38:18,444 [main] INFO nopCommerce - ***** Started login *****
2020-04-11 18:38:32,670 [main] INFO nopCommerce - ***** Searching customer by email *****
2020-04-11 18:38:36,018 [main] INFO nopCommerce - ***** closing Browser *****
2020-04-11 18:38:36,571 [main] INFO nopCommerce - ***** Launching Browser *****
2020-04-11 18:38:36,572 [main] INFO nopCommerce - ***** Opening Url *****
2020-04-11 18:38:38,529 [main] INFO nopCommerce - ***** Providing login detail *****
2020-04-11 18:38:38,720 [main] INFO nopCommerce - ***** Started login *****
2020-04-11 18:38:53,426 [main] INFO nopCommerce - ***** Searching customer by name *****
2020-04-11 18:38:56,989 [main] INFO nopCommerce - ***** closing Browser *****
2020-04-11 18:38:57,927 [main] INFO nopCommerce - ***** Launching Browser *****
2020-04-11 18:38:57,929 [main] INFO nopCommerce - ***** Opening Url *****
2020-04-11 18:38:59,866 [main] INFO nopCommerce - ***** Providing login detail *****
2020-04-11 18:39:00,063 [main] INFO nopCommerce - ***** Started login *****
2020-04-11 18:39:08,142 [main] INFO nopCommerce - ***** Login Failed *****
2020-04-11 18:39:08,147 [main] INFO nopCommerce - ***** Click on logout link *****
2020-04-11 18:39:12,549 [main] INFO nopCommerce - ***** Login Failed *****
2020-04-11 18:39:12,561 [main] INFO nopCommerce - ***** closing Browser *****
2020-04-11 18:39:13,110 [main] INFO nopCommerce - ***** Launching Browser *****
2020-04-11 18:39:13,111 [main] INFO nopCommerce - ***** Opening Url *****
2020-04-11 18:39:15,184 [main] INFO nopCommerce - ***** Providing login detail *****
2020-04-11 18:39:15,376 [main] INFO nopCommerce - ***** Started login *****
2020-04-11 18:39:22,776 [main] INFO nopCommerce - ***** Login Failed *****
2020-04-11 18:39:22,780 [main] INFO nopCommerce - ***** Click on logout link *****
2020-04-11 18:39:27,818 [main] INFO nopCommerce - ***** Login Failed *****
2020-04-11 18:39:27,827 [main] INFO nopCommerce - ***** closing Browser *****
2020-04-11 18:39:28,368 [main] INFO nopCommerce - ***** Launching Browser *****
2020-04-11 18:39:28,370 [main] INFO nopCommerce - ***** Opening Url *****
2020-04-11 18:39:30,300 [main] INFO nopCommerce - ***** Providing login detail *****
2020-04-11 18:39:30,489 [main] INFO nopCommerce - ***** Started login *****
2020-04-11 18:39:34,410 [main] INFO nopCommerce - ***** Login Passed *****
2020-04-11 18:39:34,417 [main] INFO nopCommerce - ***** Click on logout link *****
